<?xml version="1.0" encoding="UTF-8"?>
<testsuite xmlns:xsi="http://www.w3.org/2001/XMLSchema-instance" xsi:noNamespaceSchemaLocation="https://maven.apache.org/surefire/maven-surefire-plugin/xsd/surefire-test-report.xsd" version="3.0.2" name="com.yss.subjectmatch.extract.CsvRawDataExtractorTest" time="0.707" tests="3" errors="0" skipped="0" failures="0">
  <properties>
[...]
</properties>
  <testcase name="extractMissingCsvThrowsFileAccessException" classname="com.yss.subjectmatch.extract.CsvRawDataExtractorTest" time="0.646">
    <system-err><![CDATA[4月 15, 2026 9:13:21 上午 net.jqwik.engine.descriptor.DiscoverySupport warnWhenJunitAnnotationsArePresent
警告: [class com.yss.subjectmatch.extract.repository.mapper.ValuationFileDataMapperPropertyTest] has annotation [@org.junit.jupiter.api.Tag("Feature: ods-data-extraction, Property 2: Persistence Integrity")] from JUnit which cannot be processed by jqwik
4月 15, 2026 9:13:21 上午 net.jqwik.engine.descriptor.DiscoverySupport warnWhenJunitAnnotationsArePresent
警告: [class com.yss.subjectmatch.extract.repository.mapper.ValuationFileDataMapperPropertyTest] has annotation [@org.junit.jupiter.api.Tag("Feature: ods-data-extraction, Property 2: Persistence Integrity")] from JUnit which cannot be processed by jqwik
]]></system-err>
  </testcase>
  <testcase name="extractUtf8CsvPreservesWhitespaceAndNulls" classname="com.yss.subjectmatch.extract.CsvRawDataExtractorTest" time="0.042">
    <system-out><![CDATA[09:13:22.605 [main] INFO com.yss.subjectmatch.extract.extractor.CsvRawDataExtractor -- 开始提取 CSV 原始数据，filePath=/var/folders/8d/60y8vj2j0nn37t4h26zbvvhw0000gn/T/junit-8800853916352098430/sample.csv, taskId=11, fileId=22
09:13:22.627 [main] INFO com.yss.subjectmatch.extract.extractor.CsvRawDataExtractor -- CSV 原始数据提取完成，filePath=/var/folders/8d/60y8vj2j0nn37t4h26zbvvhw0000gn/T/junit-8800853916352098430/sample.csv, charset=UTF-8, rowCount=2
]]></system-out>
  </testcase>
  <testcase name="extractGbkCsvFallsBackToChineseEncoding" classname="com.yss.subjectmatch.extract.CsvRawDataExtractorTest" time="0.007">
    <system-out><![CDATA[09:13:22.649 [main] INFO com.yss.subjectmatch.extract.extractor.CsvRawDataExtractor -- 开始提取 CSV 原始数据，filePath=/var/folders/8d/60y8vj2j0nn37t4h26zbvvhw0000gn/T/junit-4650018777001774539/sample-gbk.csv, taskId=33, fileId=44
09:13:22.650 [main] INFO com.yss.subjectmatch.extract.extractor.CsvRawDataExtractor -- CSV 原始数据提取完成，filePath=/var/folders/8d/60y8vj2j0nn37t4h26zbvvhw0000gn/T/junit-4650018777001774539/sample-gbk.csv, charset=GBK, rowCount=2
]]></system-out>
  </testcase>
</testsuite>